node:internal/modules/cjs/loader:1479
  throw err;
  ^

Error: Cannot find module '../utils/professionalInviteSms'
Require stack:
- D:\FullMinent\services\smsService.js
- D:\FullMinent\services\smsNotifications.js
- D:\FullMinent\server.js
    at Module._resolveFilename (node:internal/modules/cjs/loader:1476:15)
    at wrapResolveFilename (node:internal/modules/cjs/loader:1049:27)
    at defaultResolveImplForCJSLoading (node:internal/modules/cjs/loader:1073:10)
    at resolveForCJSWithHooks (node:internal/modules/cjs/loader:1094:12)
    at Module._load (node:internal/modules/cjs/loader:1262:25)
    at wrapModuleLoad (node:internal/modules/cjs/loader:255:19)
    at Module.require (node:internal/modules/cjs/loader:1576:12)
    at require (node:internal/modules/helpers:153:16)
    at Object.<anonymous> (D:\FullMinent\services\smsService.js:2:31)
    at Module._compile (node:internal/modules/cjs/loader:1830:14) {
  code: 'MODULE_NOT_FOUND',
  requireStack: [
    'D:\\FullMinent\\services\\smsService.js',
    'D:\\FullMinent\\services\\smsNotifications.js',
    'D:\\FullMinent\\server.js'
  ]
}

Node.js v24.15.0
